<?xml version="1.0" encoding="UTF-8"?>
<!-- Generated by org.testng.reporters.JUnitReportReporter -->
<testsuite hostname="Onkar-Prakash-Bandes-MacBook-Air.local" failures="0" tests="1" name="Saucedemo_test.Login_test" time="6.240" errors="0" timestamp="2022-11-09T12:24:56 IST" skipped="0">
  <testcase classname="Saucedemo_test.Login_test" name="launch" time="6.240"/>
  <system-out/>
</testsuite> <!-- Saucedemo_test.Login_test -->
