<?xml version="1.0" encoding="UTF-8"?>
<!-- Generated by org.testng.reporters.JUnitReportReporter -->
<testsuite hostname="Onkar-Prakash-Bandes-MacBook-Air.local" failures="0" tests="2" name="Saucedemo_test.Sort_test" time="25.490" errors="0" timestamp="2022-11-09T21:11:48 IST" skipped="0">
  <testcase classname="Saucedemo_test.Sort_test" name="launch" time="6.643"/>
  <system-out/>
  <testcase classname="Saucedemo_test.Sort_test" name="gosort" time="18.847"/>
  <system-out/>
</testsuite> <!-- Saucedemo_test.Sort_test -->
