<?xml version="1.0" encoding="UTF-8"?>
<!-- Generated by org.testng.reporters.JUnitReportReporter -->
<testsuite hostname="Onkar-Prakash-Bandes-MacBook-Air.local" failures="0" tests="2" name="Saucedemo_test.Buy_test" time="26.937" errors="0" timestamp="2022-11-10T11:53:35 IST" skipped="0">
  <testcase classname="Saucedemo_test.Buy_test" name="launch" time="5.655"/>
  <system-out/>
  <testcase classname="Saucedemo_test.Buy_test" name="gobuy" time="21.282"/>
  <system-out/>
</testsuite> <!-- Saucedemo_test.Buy_test -->
